# JRE version: OpenJDK Runtime Environment (19.0.1+10) (build 19.0.1+10-21)
# Java VM: OpenJDK 64-Bit Server VM (19.0.1+10-21, mixed mode, sharing, tiered, compressed oops, compressed class ptrs, g1 gc, windows-amd64)
GC Precious Log:
 CardTable entry size: 512
 Card Set container configuration: InlinePtr #cards 5 size 8 Array Of Cards #cards 12 size 40 Howl #buckets 4 coarsen threshold 1843 Howl Bitmap #cards 512 size 80 coarsen threshold 460 Card regions per heap region 1 cards per card region 2048
 CPUs: 4 total, 4 available
 Memory: 3970M
 Large Page Support: Disabled
 NUMA Support: Disabled
 Compressed Oops: Enabled (32-bit)
 Heap Region Size: 1M
 Heap Min Capacity: 256M
 Heap Initial Capacity: 256M
 Heap Max Capacity: 512M
 Pre-touch: Disabled
 Parallel Workers: 4
 Concurrent Workers: 1
 Concurrent Refinement Workers: 4
 Periodic GC: Disabled
Heap:
 garbage-first heap   total 262144K, used 61659K [0x00000000e0000000, 0x0000000100000000)
  region size 1024K, 42 young (43008K), 20 survivors (20480K)
 Metaspace       used 52546K, committed 54272K, reserved 278528K
  class space    used 7441K, committed 8320K, reserved 212992K
GC Heap History (14 events):
Event: 6.173 GC heap before
{Heap before GC invocations=0 (full 0):
 garbage-first heap   total 262144K, used 12288K [0x00000000e0000000, 0x0000000100000000)
  region size 1024K, 13 young (13312K), 0 survivors (0K)
 Metaspace       used 934K, committed 1088K, reserved 278528K
  class space    used 71K, committed 128K, reserved 212992K
}
Event: 6.176 GC heap after
{Heap after GC invocations=1 (full 0):
 garbage-first heap   total 262144K, used 3967K [0x00000000e0000000, 0x0000000100000000)
  region size 1024K, 2 young (2048K), 2 survivors (2048K)
 Metaspace       used 934K, committed 1088K, reserved 278528K
  class space    used 71K, committed 128K, reserved 212992K
}
Event: 8.781 GC heap before
{Heap before GC invocations=1 (full 0):
 garbage-first heap   total 262144K, used 21375K [0x00000000e0000000, 0x0000000100000000)
  region size 1024K, 17 young (17408K), 2 survivors (2048K)
 Metaspace       used 3877K, committed 4096K, reserved 278528K
  class space    used 467K, committed 576K, reserved 212992K
}
Event: 8.785 GC heap after
{Heap after GC invocations=2 (full 0):
 garbage-first heap   total 262144K, used 9265K [0x00000000e0000000, 0x0000000100000000)
  region size 1024K, 3 young (3072K), 3 survivors (3072K)
 Metaspace       used 3877K, committed 4096K, reserved 278528K
  class space    used 467K, committed 576K, reserved 212992K
}
Event: 13.441 GC heap before
{Heap before GC invocations=2 (full 0):
 garbage-first heap   total 262144K, used 32817K [0x00000000e0000000, 0x0000000100000000)
  region size 1024K, 25 young (25600K), 3 survivors (3072K)
 Metaspace       used 4021K, committed 4224K, reserved 278528K
  class space    used 469K, committed 576K, reserved 212992K
}
Event: 13.445 GC heap after
{Heap after GC invocations=3 (full 0):
 garbage-first heap   total 262144K, used 13367K [0x00000000e0000000, 0x0000000100000000)
  region size 1024K, 4 young (4096K), 4 survivors (4096K)
 Metaspace       used 4021K, committed 4224K, reserved 278528K
  class space    used 469K, committed 576K, reserved 212992K
}
Event: 16.090 GC heap before
{Heap before GC invocations=3 (full 0):
 garbage-first heap   total 262144K, used 98359K [0x00000000e0000000, 0x0000000100000000)
  region size 1024K, 88 young (90112K), 4 survivors (4096K)
 Metaspace       used 20847K, committed 21504K, reserved 278528K
  class space    used 2996K, committed 3328K, reserved 212992K
}
Event: 16.106 GC heap after
{Heap after GC invocations=4 (full 0):
 garbage-first heap   total 262144K, used 20889K [0x00000000e0000000, 0x0000000100000000)
  region size 1024K, 12 young (12288K), 12 survivors (12288K)
 Metaspace       used 20847K, committed 21504K, reserved 278528K
  class space    used 2996K, committed 3328K, reserved 212992K
}
Event: 18.350 GC heap before
{Heap before GC invocations=5 (full 0):
 garbage-first heap   total 262144K, used 119193K [0x00000000e0000000, 0x0000000100000000)
  region size 1024K, 106 young (108544K), 12 survivors (12288K)
 Metaspace       used 34615K, committed 35840K, reserved 278528K
  class space    used 4723K, committed 5376K, reserved 212992K
}
Event: 18.377 GC heap after
{Heap after GC invocations=6 (full 0):
 garbage-first heap   total 262144K, used 28974K [0x00000000e0000000, 0x0000000100000000)
  region size 1024K, 9 young (9216K), 9 survivors (9216K)
 Metaspace       used 34615K, committed 35840K, reserved 278528K
  class space    used 4723K, committed 5376K, reserved 212992K
}
Event: 18.454 GC heap before
{Heap before GC invocations=6 (full 0):
 garbage-first heap   total 262144K, used 32046K [0x00000000e0000000, 0x0000000100000000)
  region size 1024K, 13 young (13312K), 9 survivors (9216K)
 Metaspace       used 34929K, committed 36096K, reserved 278528K
  class space    used 4766K, committed 5376K, reserved 212992K
}
Event: 18.465 GC heap after
{Heap after GC invocations=7 (full 0):
 garbage-first heap   total 262144K, used 28503K [0x00000000e0000000, 0x0000000100000000)
  region size 1024K, 8 young (8192K), 8 survivors (8192K)
 Metaspace       used 34929K, committed 36096K, reserved 278528K
  class space    used 4766K, committed 5376K, reserved 212992K
}
Event: 22.303 GC heap before
{Heap before GC invocations=8 (full 0):
 garbage-first heap   total 262144K, used 178007K [0x00000000e0000000, 0x0000000100000000)
  region size 1024K, 153 young (156672K), 8 survivors (8192K)
 Metaspace       used 51327K, committed 53056K, reserved 278528K
  class space    used 7234K, committed 8128K, reserved 212992K
}
Event: 22.332 GC heap after
{Heap after GC invocations=9 (full 0):
 garbage-first heap   total 262144K, used 40155K [0x00000000e0000000, 0x0000000100000000)
  region size 1024K, 20 young (20480K), 20 survivors (20480K)
 Metaspace       used 51327K, committed 53056K, reserved 278528K
  class space    used 7234K, committed 8128K, reserved 212992K
}

